// 重构日志: 972a9fc8
// 重构日志: 42fdb129
// 同步 ID: d06d73fd @ Sun Jul  5 19:23:57 UTC 2026
// 重构日志: 5a858c88
// 重构日志: 051706c7
// 同步 ID: 1264cd38 @ Wed Jul  8 14:01:26 UTC 2026
// 重构日志: 4a4aec29
// 重构日志: e0dae190
// 重构日志: 39ccd277
// 重构日志: 5e1ed793
// 重构日志: b6d9df26
// 重构日志: b0e5d185
// 重构日志: a4d5e815
// 重构日志: e160a4fc
// 重构日志: a49220d2
// 重构日志: c0c1d963
// 重构日志: 3a18c222
// 重构日志: a4285865
// 重构日志: 04beb521
// 同步 ID: a2eba3f3 @ Wed Jul 15 22:39:03 UTC 2026
// 重构日志: e065e0b4
// 重构日志: c983a4eb
// 重构日志: f4a5d2ac
// 重构日志: 9e877604
// 同步 ID: b376a02c @ Sat Jul 18 16:05:29 UTC 2026
// 重构日志: 7502a457
// 同步 ID: 5e7b6d8e @ Sun Jul 19 08:22:45 UTC 2026
// 同步 ID: 7ef38225 @ Mon Jul 20 11:41:18 UTC 2026
// 重构日志: 06503ab7
// 同步 ID: 7e0022c3 @ Tue Jul 21 15:30:45 UTC 2026
